2026-06-13  6:04:57 0 [Note] Starting MariaDB 10.11.8-MariaDB source revision 3a069644682e336e445039e48baae9693f9a08ee as process 16300
2026-06-13  6:04:58 0 [Note] InnoDB: The first data file './ibdata1' did not exist. A new tablespace will be created!
2026-06-13  6:04:58 0 [Note] InnoDB: Compressed tables use zlib 1.3.1
2026-06-13  6:04:58 0 [Note] InnoDB: Number of transaction pools: 1
2026-06-13  6:04:58 0 [Note] InnoDB: Using crc32 + pclmulqdq instructions
2026-06-13  6:04:58 0 [Note] InnoDB: Initializing buffer pool, total size = 20.000MiB, chunk size = 1.000MiB
2026-06-13  6:04:58 0 [Note] InnoDB: Completed initialization of buffer pool
2026-06-13  6:04:58 0 [Note] InnoDB: Setting file './ibdata1' size to 12.000MiB. Physically writing the file full; Please wait ...
2026-06-13  6:04:58 0 [Note] InnoDB: File './ibdata1' size is now 12.000MiB.
2026-06-13  6:04:58 0 [Note] InnoDB: File system buffers for log disabled (block size=4096 bytes)
2026-06-13  6:04:59 0 [Note] InnoDB: Doublewrite buffer not found: creating new
2026-06-13  6:05:00 0 [Note] InnoDB: 128 rollback segments are active.
2026-06-13  6:05:00 0 [Note] InnoDB: Setting file './ibtmp1' size to 12.000MiB. Physically writing the file full; Please wait ...
2026-06-13  6:05:00 0 [Note] InnoDB: File './ibtmp1' size is now 12.000MiB.
2026-06-13  6:05:00 0 [Note] InnoDB: log sequence number 0; transaction id 3
2026-06-13  6:05:00 0 [Note] Plugin 'FEEDBACK' is disabled.
2026-06-13  6:05:00 0 [Note] mysqld.exe: SSPI: using principal name 'localhost', mech 'Negotiate'
2026-06-13  6:09:57 0 [Note] Starting MariaDB 10.11.8-MariaDB source revision 3a069644682e336e445039e48baae9693f9a08ee as process 24016
2026-06-13  6:09:57 0 [Note] InnoDB: Compressed tables use zlib 1.3.1
2026-06-13  6:09:57 0 [Note] InnoDB: Number of transaction pools: 1
2026-06-13  6:09:57 0 [Note] InnoDB: Using crc32 + pclmulqdq instructions
2026-06-13  6:09:57 0 [Note] InnoDB: Initializing buffer pool, total size = 128.000MiB, chunk size = 2.000MiB
2026-06-13  6:09:57 0 [Note] InnoDB: Completed initialization of buffer pool
2026-06-13  6:09:57 0 [Note] InnoDB: File system buffers for log disabled (block size=4096 bytes)
2026-06-13  6:09:57 0 [Note] InnoDB: End of log at LSN=46846
2026-06-13  6:09:57 0 [Note] InnoDB: 128 rollback segments are active.
2026-06-13  6:09:57 0 [Note] InnoDB: Setting file './ibtmp1' size to 12.000MiB. Physically writing the file full; Please wait ...
2026-06-13  6:09:57 0 [Note] InnoDB: File './ibtmp1' size is now 12.000MiB.
2026-06-13  6:09:57 0 [Note] InnoDB: log sequence number 46846; transaction id 14
2026-06-13  6:09:57 0 [Note] Plugin 'FEEDBACK' is disabled.
2026-06-13  6:09:57 0 [Note] InnoDB: Loading buffer pool(s) from X:\Mate's Dev\mcq project\.env_tools\mariadb\extracted\mariadb-10.11.8-winx64\data\ib_buffer_pool
2026-06-13  6:09:57 0 [Note] mariadbd.exe: SSPI: using principal name 'localhost', mech 'Negotiate'
2026-06-13  6:09:57 0 [Note] Server socket created on IP: '127.0.0.1'.
2026-06-13  6:09:57 0 [Note] InnoDB: Buffer pool(s) load completed at 260613  6:09:57
2026-06-13  6:09:57 0 [Note] X:\Mate's Dev\mcq project\.env_tools\mariadb\extracted\mariadb-10.11.8-winx64\bin\mariadbd.exe: ready for connections.
Version: '10.11.8-MariaDB'  socket: ''  port: 3306  mariadb.org binary distribution
2026-06-13  6:22:17 0 [Note] Starting MariaDB 10.11.8-MariaDB source revision 3a069644682e336e445039e48baae9693f9a08ee as process 21484
2026-06-13  6:22:17 0 [Note] InnoDB: Compressed tables use zlib 1.3.1
2026-06-13  6:22:17 0 [Note] InnoDB: Number of transaction pools: 1
2026-06-13  6:22:17 0 [Note] InnoDB: Using crc32 + pclmulqdq instructions
2026-06-13  6:22:17 0 [Note] InnoDB: Initializing buffer pool, total size = 128.000MiB, chunk size = 2.000MiB
2026-06-13  6:22:17 0 [Note] InnoDB: Completed initialization of buffer pool
2026-06-13  6:22:17 0 [Note] InnoDB: File system buffers for log disabled (block size=4096 bytes)
2026-06-13  6:22:17 0 [Note] InnoDB: Starting crash recovery from checkpoint LSN=46830
2026-06-13  6:22:17 0 [Note] InnoDB: End of log at LSN=71634
2026-06-13  6:22:17 0 [Note] InnoDB: To recover: 36 pages
2026-06-13  6:22:17 0 [Note] InnoDB: 128 rollback segments are active.
2026-06-13  6:22:17 0 [Note] InnoDB: Removed temporary tablespace data file: "./ibtmp1"
2026-06-13  6:22:17 0 [Note] InnoDB: Setting file './ibtmp1' size to 12.000MiB. Physically writing the file full; Please wait ...
2026-06-13  6:22:17 0 [Note] InnoDB: File './ibtmp1' size is now 12.000MiB.
2026-06-13  6:22:17 0 [Note] InnoDB: log sequence number 71634; transaction id 40
2026-06-13  6:22:17 0 [Note] Plugin 'FEEDBACK' is disabled.
2026-06-13  6:22:17 0 [Note] InnoDB: Loading buffer pool(s) from X:\Mate's Dev\mcq project\.env_tools\mariadb\extracted\mariadb-10.11.8-winx64\data\ib_buffer_pool
2026-06-13  6:22:17 0 [Note] mariadbd.exe: SSPI: using principal name 'localhost', mech 'Negotiate'
2026-06-13  6:22:17 0 [Note] InnoDB: Buffer pool(s) load completed at 260613  6:22:17
2026-06-13  6:22:17 0 [Note] Server socket created on IP: '127.0.0.1'.
2026-06-13  6:22:17 0 [Note] X:\Mate's Dev\mcq project\.env_tools\mariadb\extracted\mariadb-10.11.8-winx64\bin\mariadbd.exe: ready for connections.
Version: '10.11.8-MariaDB'  socket: ''  port: 3306  mariadb.org binary distribution
2026-06-13  6:25:19 4 [Warning] Aborted connection 4 to db: 'quiz_db' user: 'root' host: 'localhost' (Got an error reading communication packets)
2026-06-13  6:25:24 0 [Note] console_event_handler: received CTRL_CLOSE_EVENT event, terminating
2026-06-13  6:25:26 0 [Note] Starting MariaDB 10.11.8-MariaDB source revision 3a069644682e336e445039e48baae9693f9a08ee as process 25832
2026-06-13  6:25:26 0 [Note] InnoDB: Compressed tables use zlib 1.3.1
2026-06-13  6:25:26 0 [Note] InnoDB: Number of transaction pools: 1
2026-06-13  6:25:26 0 [Note] InnoDB: Using crc32 + pclmulqdq instructions
2026-06-13  6:25:26 0 [Note] InnoDB: Initializing buffer pool, total size = 128.000MiB, chunk size = 2.000MiB
2026-06-13  6:25:26 0 [Note] InnoDB: Completed initialization of buffer pool
2026-06-13  6:25:26 0 [Note] InnoDB: File system buffers for log disabled (block size=4096 bytes)
2026-06-13  6:25:26 0 [Note] InnoDB: Starting crash recovery from checkpoint LSN=46846
2026-06-13  6:25:26 0 [Note] InnoDB: End of log at LSN=71953
2026-06-13  6:25:26 0 [Note] InnoDB: To recover: 36 pages
2026-06-13  6:25:26 0 [Note] InnoDB: 128 rollback segments are active.
2026-06-13  6:25:26 0 [Note] InnoDB: Removed temporary tablespace data file: "./ibtmp1"
2026-06-13  6:25:26 0 [Note] InnoDB: Setting file './ibtmp1' size to 12.000MiB. Physically writing the file full; Please wait ...
2026-06-13  6:25:26 0 [Note] InnoDB: File './ibtmp1' size is now 12.000MiB.
2026-06-13  6:25:26 0 [Note] InnoDB: log sequence number 71953; transaction id 40
2026-06-13  6:25:26 0 [Note] Plugin 'FEEDBACK' is disabled.
2026-06-13  6:25:26 0 [Note] InnoDB: Loading buffer pool(s) from X:\Mate's Dev\mcq project\.env_tools\mariadb\extracted\mariadb-10.11.8-winx64\data\ib_buffer_pool
2026-06-13  6:25:26 0 [Note] mariadbd.exe: SSPI: using principal name 'localhost', mech 'Negotiate'
2026-06-13  6:25:26 0 [Note] Server socket created on IP: '127.0.0.1'.
2026-06-13  6:25:27 0 [Note] InnoDB: Buffer pool(s) load completed at 260613  6:25:27
2026-06-13  6:25:27 0 [Note] X:\Mate's Dev\mcq project\.env_tools\mariadb\extracted\mariadb-10.11.8-winx64\bin\mariadbd.exe: ready for connections.
Version: '10.11.8-MariaDB'  socket: ''  port: 3306  mariadb.org binary distribution
2026-06-13  6:26:41 4 [Warning] Aborted connection 4 to db: 'quiz_db' user: 'root' host: 'localhost' (Got an error reading communication packets)
2026-06-13  6:26:46 6 [Warning] Aborted connection 6 to db: 'quiz_db' user: 'root' host: 'localhost' (Got an error reading communication packets)
2026-06-13  6:26:46 0 [Note] console_event_handler: received CTRL_CLOSE_EVENT event, terminating
2026-06-13  6:33:18 0 [Note] Starting MariaDB 10.11.8-MariaDB source revision 3a069644682e336e445039e48baae9693f9a08ee as process 23904
2026-06-13  6:33:18 0 [Note] InnoDB: Compressed tables use zlib 1.3.1
2026-06-13  6:33:18 0 [Note] InnoDB: Number of transaction pools: 1
2026-06-13  6:33:18 0 [Note] InnoDB: Using crc32 + pclmulqdq instructions
2026-06-13  6:33:18 0 [Note] InnoDB: Initializing buffer pool, total size = 128.000MiB, chunk size = 2.000MiB
2026-06-13  6:33:18 0 [Note] InnoDB: Completed initialization of buffer pool
2026-06-13  6:33:18 0 [Note] InnoDB: File system buffers for log disabled (block size=4096 bytes)
2026-06-13  6:33:19 0 [Note] InnoDB: Starting crash recovery from checkpoint LSN=46846
2026-06-13  6:33:19 0 [Note] InnoDB: End of log at LSN=72037
2026-06-13  6:33:20 0 [Note] InnoDB: To recover: 36 pages
2026-06-13  6:33:20 0 [Note] InnoDB: 128 rollback segments are active.
2026-06-13  6:33:20 0 [Note] InnoDB: Removed temporary tablespace data file: "./ibtmp1"
2026-06-13  6:33:20 0 [Note] InnoDB: Setting file './ibtmp1' size to 12.000MiB. Physically writing the file full; Please wait ...
2026-06-13  6:33:20 0 [Note] InnoDB: File './ibtmp1' size is now 12.000MiB.
2026-06-13  6:33:20 0 [Note] InnoDB: log sequence number 72037; transaction id 40
2026-06-13  6:33:20 0 [Note] Plugin 'FEEDBACK' is disabled.
2026-06-13  6:33:20 0 [Note] InnoDB: Loading buffer pool(s) from X:\Mate's Dev\mcq project\.env_tools\mariadb\extracted\mariadb-10.11.8-winx64\data\ib_buffer_pool
2026-06-13  6:33:20 0 [Note] mariadbd.exe: SSPI: using principal name 'localhost', mech 'Negotiate'
2026-06-13  6:33:20 0 [Note] InnoDB: Buffer pool(s) load completed at 260613  6:33:20
2026-06-13  6:33:20 0 [Note] Server socket created on IP: '127.0.0.1'.
2026-06-13  6:33:21 0 [Note] X:\Mate's Dev\mcq project\.env_tools\mariadb\extracted\mariadb-10.11.8-winx64\bin\mariadbd.exe: ready for connections.
Version: '10.11.8-MariaDB'  socket: ''  port: 3306  mariadb.org binary distribution
2026-06-13  6:34:01 4 [Warning] Aborted connection 4 to db: 'quiz_db' user: 'root' host: 'localhost' (Got an error reading communication packets)
2026-06-13  6:34:06 6 [Warning] Aborted connection 6 to db: 'quiz_db' user: 'root' host: 'localhost' (Got an error reading communication packets)
2026-06-13  6:34:22 0 [Note] Starting MariaDB 10.11.8-MariaDB source revision 3a069644682e336e445039e48baae9693f9a08ee as process 22064
2026-06-13  6:34:22 0 [Note] InnoDB: Compressed tables use zlib 1.3.1
2026-06-13  6:34:22 0 [Note] InnoDB: Number of transaction pools: 1
2026-06-13  6:34:22 0 [Note] InnoDB: Using crc32 + pclmulqdq instructions
2026-06-13  6:34:22 0 [Note] InnoDB: Initializing buffer pool, total size = 128.000MiB, chunk size = 2.000MiB
2026-06-13  6:34:22 0 [Note] InnoDB: Completed initialization of buffer pool
2026-06-13  6:34:22 0 [Note] InnoDB: File system buffers for log disabled (block size=4096 bytes)
2026-06-13  6:34:22 0 [Note] InnoDB: Starting crash recovery from checkpoint LSN=46846
2026-06-13  6:34:22 0 [Note] InnoDB: End of log at LSN=72121
2026-06-13  6:34:23 0 [Note] InnoDB: To recover: 36 pages
2026-06-13  6:34:23 0 [Note] InnoDB: 128 rollback segments are active.
2026-06-13  6:34:23 0 [Note] InnoDB: Removed temporary tablespace data file: "./ibtmp1"
2026-06-13  6:34:23 0 [Note] InnoDB: Setting file './ibtmp1' size to 12.000MiB. Physically writing the file full; Please wait ...
2026-06-13  6:34:23 0 [Note] InnoDB: File './ibtmp1' size is now 12.000MiB.
2026-06-13  6:34:23 0 [Note] InnoDB: log sequence number 72121; transaction id 40
2026-06-13  6:34:23 0 [Note] Plugin 'FEEDBACK' is disabled.
2026-06-13  6:34:23 0 [Note] InnoDB: Loading buffer pool(s) from X:\Mate's Dev\mcq project\.env_tools\mariadb\extracted\mariadb-10.11.8-winx64\data\ib_buffer_pool
2026-06-13  6:34:23 0 [Note] mariadbd.exe: SSPI: using principal name 'localhost', mech 'Negotiate'
2026-06-13  6:34:23 0 [Note] Server socket created on IP: '127.0.0.1'.
2026-06-13  6:34:23 0 [Note] InnoDB: Buffer pool(s) load completed at 260613  6:34:23
2026-06-13  6:34:23 0 [Note] X:\Mate's Dev\mcq project\.env_tools\mariadb\extracted\mariadb-10.11.8-winx64\bin\mariadbd.exe: ready for connections.
Version: '10.11.8-MariaDB'  socket: ''  port: 3306  mariadb.org binary distribution
2026-06-13  6:34:48 0 [Note] console_event_handler: received CTRL_C_EVENT event, shutting down
2026-06-13  6:34:48 0 [Note] X:\Mate's Dev\mcq project\.env_tools\mariadb\extracted\mariadb-10.11.8-winx64\bin\ma2026-06-13  6:35:14 0 [Note] Starting MariaDB 10.11.8-MariaDB source revision 3a069644682e336e445039e48baae9693f9a08ee as process 4216
2026-06-13  6:35:14 0 [Note] InnoDB: Compressed tables use zlib 1.3.1
2026-06-13  6:35:14 0 [Note] InnoDB: Number of transaction pools: 1
2026-06-13  6:35:14 0 [Note] InnoDB: Using crc32 + pclmulqdq instructions
2026-06-13  6:35:14 0 [Note] InnoDB: Initializing buffer pool, total size = 128.000MiB, chunk size = 2.000MiB
2026-06-13  6:35:14 0 [Note] InnoDB: Completed initialization of buffer pool
2026-06-13  6:35:14 0 [Note] InnoDB: File system buffers for log disabled (block size=4096 bytes)
2026-06-13  6:35:14 0 [Note] InnoDB: Starting crash recovery from checkpoint LSN=46846
2026-06-13  6:35:14 0 [Note] InnoDB: End of log at LSN=72205
2026-06-13  6:35:14 0 [Note] InnoDB: To recover: 36 pages
2026-06-13  6:35:14 0 [Note] InnoDB: 128 rollback segments are active.
2026-06-13  6:35:14 0 [Note] InnoDB: Removed temporary tablespace data file: "./ibtmp1"
2026-06-13  6:35:14 0 [Note] InnoDB: Setting file './ibtmp1' size to 12.000MiB. Physically writing the file full; Please wait ...
2026-06-13  6:35:14 0 [Note] InnoDB: File './ibtmp1' size is now 12.000MiB.
2026-06-13  6:35:14 0 [Note] InnoDB: log sequence number 72205; transaction id 40
2026-06-13  6:35:14 0 [Note] Plugin 'FEEDBACK' is disabled.
2026-06-13  6:35:14 0 [Note] InnoDB: Loading buffer pool(s) from X:\Mate's Dev\mcq project\.env_tools\mariadb\extracted\mariadb-10.11.8-winx64\data\ib_buffer_pool
2026-06-13  6:35:14 0 [Note] mariadbd.exe: SSPI: using principal name 'localhost', mech 'Negotiate'
2026-06-13  6:35:14 0 [Note] Server socket created on IP: '127.0.0.1'.
2026-06-13  6:35:14 0 [Note] InnoDB: Buffer pool(s) load completed at 260613  6:35:14
2026-06-13  6:35:14 0 [Note] X:\Mate's Dev\mcq project\.env_tools\mariadb\extracted\mariadb-10.11.8-winx64\bin\mariadbd.exe: ready for connections.
Version: '10.11.8-MariaDB'  socket: ''  port: 3306  mariadb.org binary distribution
2026-06-13  8:15:56 5 [Warning] Access denied for user 'root'@'localhost' (using password: YES)
2026-06-13  8:29:09 6 [Warning] Access denied for user 'root'@'localhost' (using password: YES)
2026-06-13  8:40:01 7 [Warning] Access denied for user 'root'@'localhost' (using password: YES)
2026-06-13  8:41:08 8 [Warning] Access denied for user 'root'@'localhost' (using password: YES)
2026-06-13  8:41:11 9 [Warning] Aborted connection 9 to db: 'unconnected' user: 'unauthenticated' host: 'localhost' (This connection closed normally without authentication)
2026-06-13  8:41:21 10 [Warning] Aborted connection 10 to db: 'unconnected' user: 'unauthenticated' host: 'localhost' (This connection closed normally without authentication)
2026-06-13  8:41:21 11 [Warning] Aborted connection 11 to db: 'unconnected' user: 'unauthenticated' host: 'localhost' (Got an error reading communication packets)
2026-06-13  8:41:21 11 [Warning] Aborted connection 11 to db: 'unconnected' user: 'unauthenticated' host: 'localhost' (This connection closed normally without authentication)
2026-06-13  8:43:17 12 [Warning] Aborted connection 12 to db: 'unconnected' user: 'root' host: 'localhost' (Got an error reading communication packets)
2026-06-13  8:47:22 13 [Warning] Aborted connection 13 to db: 'unconnected' user: 'unauthenticated' host: 'localhost' (This connection closed normally without authentication)
2026-06-13  8:47:32 14 [Warning] Aborted connection 14 to db: 'unconnected' user: 'unauthenticated' host: 'localhost' (Got an error reading communication packets)
2026-06-13  8:47:32 14 [Warning] Aborted connection 14 to db: 'unconnected' user: 'unauthenticated' host: 'localhost' (This connection closed normally without authentication)
2026-06-13  8:47:32 15 [Warning] Aborted connection 15 to db: 'unconnected' user: 'unauthenticated' host: 'localhost' (Got an error reading communication packets)
2026-06-13  8:47:32 15 [Warning] Aborted connection 15 to db: 'unconnected' user: 'unauthenticated' host: 'localhost' (This connection closed normally without authentication)
2026-06-13  8:48:41 0 [Note] Starting MariaDB 10.11.8-MariaDB source revision 3a069644682e336e445039e48baae9693f9a08ee as process 21848
2026-06-13  8:48:41 0 [Note] InnoDB: Compressed tables use zlib 1.3.1
2026-06-13  8:48:41 0 [Note] InnoDB: Number of transaction pools: 1
2026-06-13  8:48:41 0 [Note] InnoDB: Using crc32 + pclmulqdq instructions
2026-06-13  8:48:41 0 [Note] InnoDB: Initializing buffer pool, total size = 128.000MiB, chunk size = 2.000MiB
2026-06-13  8:48:41 0 [Note] InnoDB: Completed initialization of buffer pool
2026-06-13  8:48:41 0 [Note] InnoDB: File system buffers for log disabled (block size=4096 bytes)
2026-06-13  8:48:41 0 [Note] InnoDB: Starting crash recovery from checkpoint LSN=46846
2026-06-13  8:48:41 0 [Note] InnoDB: End of log at LSN=72289
2026-06-13  8:48:41 0 [Note] InnoDB: To recover: 36 pages
2026-06-13  8:48:41 0 [Note] InnoDB: 128 rollback segments are active.
2026-06-13  8:48:41 0 [Note] InnoDB: Removed temporary tablespace data file: "./ibtmp1"
2026-06-13  8:48:41 0 [Note] InnoDB: Setting file './ibtmp1' size to 12.000MiB. Physically writing the file full; Please wait ...
2026-06-13  8:48:41 0 [Note] InnoDB: File './ibtmp1' size is now 12.000MiB.
2026-06-13  8:48:41 0 [Note] InnoDB: log sequence number 72289; transaction id 40
2026-06-13  8:48:41 0 [Note] Plugin 'FEEDBACK' is disabled.
2026-06-13  8:48:41 0 [Note] InnoDB: Loading buffer pool(s) from X:\Mate's Dev\mcq project\.env_tools\mariadb\extracted\mariadb-10.11.8-winx64\data\ib_buffer_pool
2026-06-13  8:48:41 0 [Note] mariadbd.exe: SSPI: using principal name 'localhost', mech 'Negotiate'
2026-06-13  8:48:41 0 [Note] Server socket created on IP: '127.0.0.1'.
2026-06-13  8:48:41 0 [Note] InnoDB: Buffer pool(s) load completed at 260613  8:48:41
2026-06-13  8:48:41 0 [Note] X:\Mate's Dev\mcq project\.env_tools\mariadb\extracted\mariadb-10.11.8-winx64\bin\mariadbd.exe: ready for connections.
Version: '10.11.8-MariaDB'  socket: ''  port: 3306  mariadb.org binary distribution
2026-06-13  8:53:44 4 [Warning] Aborted connection 4 to db: 'quiz_db' user: 'root' host: 'localhost' (Got an error reading communication packets)
2026-06-13  8:53:49 0 [Note] Starting MariaDB 10.11.8-MariaDB source revision 3a069644682e336e445039e48baae9693f9a08ee as process 16764
2026-06-13  8:53:49 0 [Note] InnoDB: Compressed tables use zlib 1.3.1
2026-06-13  8:53:49 0 [Note] InnoDB: Number of transaction pools: 1
2026-06-13  8:53:49 0 [Note] InnoDB: Using crc32 + pclmulqdq instructions
2026-06-13  8:53:49 0 [Note] InnoDB: Initializing buffer pool, total size = 128.000MiB, chunk size = 2.000MiB
2026-06-13  8:53:49 0 [Note] InnoDB: Completed initialization of buffer pool
2026-06-13  8:53:49 0 [Note] InnoDB: File system buffers for log disabled (block size=4096 bytes)
2026-06-13  8:53:49 0 [Note] InnoDB: Starting crash recovery from checkpoint LSN=46846
2026-06-13  8:53:49 0 [Note] InnoDB: End of log at LSN=72373
2026-06-13  8:53:49 0 [Note] InnoDB: To recover: 36 pages
2026-06-13  8:53:49 0 [Note] InnoDB: 128 rollback segments are active.
2026-06-13  8:53:49 0 [Note] InnoDB: Removed temporary tablespace data file: "./ibtmp1"
2026-06-13  8:53:49 0 [Note] InnoDB: Setting file './ibtmp1' size to 12.000MiB. Physically writing the file full; Please wait ...
2026-06-13  8:53:49 0 [Note] InnoDB: File './ibtmp1' size is now 12.000MiB.
2026-06-13  8:53:49 0 [Note] InnoDB: log sequence number 72373; transaction id 40
2026-06-13  8:53:49 0 [Note] Plugin 'FEEDBACK' is disabled.
2026-06-13  8:53:49 0 [Note] InnoDB: Loading buffer pool(s) from X:\Mate's Dev\mcq project\.env_tools\mariadb\extracted\mariadb-10.11.8-winx64\data\ib_buffer_pool
2026-06-13  8:53:49 0 [Note] mariadbd.exe: SSPI: using principal name 'localhost', mech 'Negotiate'
2026-06-13  8:53:49 0 [Note] Server socket created on IP: '127.0.0.1'.
2026-06-13  8:53:49 0 [Note] InnoDB: Buffer pool(s) load completed at 260613  8:53:49
2026-06-13  8:53:49 0 [Note] X:\Mate's Dev\mcq project\.env_tools\mariadb\extracted\mariadb-10.11.8-winx64\bin\mariadbd.exe: ready for connections.
Version: '10.11.8-MariaDB'  socket: ''  port: 3306  mariadb.org binary distribution
2026-06-13  8:55:27 0 [Note] Starting MariaDB 10.11.8-MariaDB source revision 3a069644682e336e445039e48baae9693f9a08ee as process 29576
2026-06-13  8:55:27 0 [Note] InnoDB: Compressed tables use zlib 1.3.1
2026-06-13  8:55:27 0 [Note] InnoDB: Number of transaction pools: 1
2026-06-13  8:55:27 0 [Note] InnoDB: Using crc32 + pclmulqdq instructions
2026-06-13  8:55:27 0 [Note] InnoDB: Initializing buffer pool, total size = 128.000MiB, chunk size = 2.000MiB
2026-06-13  8:55:27 0 [Note] InnoDB: Completed initialization of buffer pool
2026-06-13  8:55:27 0 [Note] InnoDB: File system buffers for log disabled (block size=4096 bytes)
2026-06-13  8:55:27 0 [Note] InnoDB: Starting crash recovery from checkpoint LSN=46846
2026-06-13  8:55:27 0 [Note] InnoDB: End of log at LSN=75417
2026-06-13  8:55:27 0 [Note] InnoDB: To recover: 36 pages
2026-06-13  8:55:27 0 [Note] InnoDB: 128 rollback segments are active.
2026-06-13  8:55:27 0 [Note] InnoDB: Removed temporary tablespace data file: "./ibtmp1"
2026-06-13  8:55:27 0 [Note] InnoDB: Setting file './ibtmp1' size to 12.000MiB. Physically writing the file full; Please wait ...
2026-06-13  8:55:27 0 [Note] InnoDB: File './ibtmp1' size is now 12.000MiB.
2026-06-13  8:55:27 0 [Note] InnoDB: log sequence number 75417; transaction id 49
2026-06-13  8:55:27 0 [Note] Plugin 'FEEDBACK' is disabled.
2026-06-13  8:55:27 0 [Note] InnoDB: Loading buffer pool(s) from X:\Mate's Dev\mcq project\.env_tools\mariadb\extracted\mariadb-10.11.8-winx64\data\ib_buffer_pool
2026-06-13  8:55:27 0 [Note] mariadbd.exe: SSPI: using principal name 'localhost', mech 'Negotiate'
2026-06-13  8:55:27 0 [Note] Server socket created on IP: '127.0.0.1'.
2026-06-13  8:55:27 0 [Note] InnoDB: Buffer pool(s) load completed at 260613  8:55:27
2026-06-13  8:55:27 0 [Note] X:\Mate's Dev\mcq project\.env_tools\mariadb\extracted\mariadb-10.11.8-winx64\bin\mariadbd.exe: ready for connections.
Version: '10.11.8-MariaDB'  socket: ''  port: 3306  mariadb.org binary distribution
2026-06-13  8:59:26 3 [Warning] Aborted connection 3 to db: 'unconnected' user: 'unauthenticated' host: 'localhost' (This connection closed normally without authentication)
2026-06-13  8:59:36 4 [Warning] Aborted connection 4 to db: 'unconnected' user: 'unauthenticated' host: 'localhost' (Got an error reading communication packets)
2026-06-13  8:59:36 4 [Warning] Aborted connection 4 to db: 'unconnected' user: 'unauthenticated' host: 'localhost' (This connection closed normally without authentication)
2026-06-13  8:59:37 5 [Warning] Aborted connection 5 to db: 'unconnected' user: 'unauthenticated' host: 'localhost' (Got an error reading communication packets)
2026-06-13  8:59:37 5 [Warning] Aborted connection 5 to db: 'unconnected' user: 'unauthenticated' host: 'localhost' (This connection closed normally without authentication)
2026-06-13  8:59:39 6 [Warning] Aborted connection 6 to db: 'unconnected' user: 'root' host: 'localhost' (Got an error reading communication packets)
2026-06-13  8:59:50 7 [Warning] Aborted connection 7 to db: 'unconnected' user: 'root' host: 'localhost' (Got an error reading communication packets)
2026-06-13  9:00:00 8 [Warning] Aborted connection 8 to db: 'unconnected' user: 'root' host: 'localhost' (Got an error reading communication packets)
2026-06-13  9:00:50 10 [Warning] Aborted connection 10 to db: 'quiz_db' user: 'root' host: 'localhost' (Got an error reading communication packets)
2026-06-13  9:01:21 12 [Warning] Aborted connection 12 to db: 'quiz_db' user: 'root' host: 'localhost' (Got an error reading communication packets)
2026-06-13 23:00:43 0 [Note] Starting MariaDB 10.11.8-MariaDB source revision 3a069644682e336e445039e48baae9693f9a08ee as process 25132
2026-06-13 23:00:43 0 [Note] InnoDB: Compressed tables use zlib 1.3.1
2026-06-13 23:00:43 0 [Note] InnoDB: Number of transaction pools: 1
2026-06-13 23:00:43 0 [Note] InnoDB: Using crc32 + pclmulqdq instructions
2026-06-13 23:00:43 0 [Note] InnoDB: Initializing buffer pool, total size = 128.000MiB, chunk size = 2.000MiB
2026-06-13 23:00:43 0 [Note] InnoDB: Completed initialization of buffer pool
2026-06-13 23:00:43 0 [Note] InnoDB: File system buffers for log disabled (block size=4096 bytes)
2026-06-13 23:00:43 0 [Note] InnoDB: Starting crash recovery from checkpoint LSN=46846
2026-06-13 23:00:43 0 [Note] InnoDB: End of log at LSN=75501
2026-06-13 23:00:43 0 [Note] InnoDB: To recover: 36 pages
2026-06-13 23:00:43 0 [Note] InnoDB: 128 rollback segments are active.
2026-06-13 23:00:43 0 [Note] InnoDB: Removed temporary tablespace data file: "./ibtmp1"
2026-06-13 23:00:43 0 [Note] InnoDB: Setting file './ibtmp1' size to 12.000MiB. Physically writing the file full; Please wait ...
2026-06-13 23:00:43 0 [Note] InnoDB: File './ibtmp1' size is now 12.000MiB.
2026-06-13 23:00:43 0 [Note] InnoDB: log sequence number 75501; transaction id 49
2026-06-13 23:00:43 0 [Note] Plugin 'FEEDBACK' is disabled.
2026-06-13 23:00:43 0 [Note] InnoDB: Loading buffer pool(s) from X:\Mate's Dev\mcq project\.env_tools\mariadb\extracted\mariadb-10.11.8-winx64\data\ib_buffer_pool
2026-06-13 23:00:43 0 [Note] mariadbd.exe: SSPI: using principal name 'localhost', mech 'Negotiate'
2026-06-13 23:00:43 0 [Note] InnoDB: Buffer pool(s) load completed at 260613 23:00:43
2026-06-13 23:00:43 0 [Note] Server socket created on IP: '127.0.0.1'.
2026-06-13 23:00:44 0 [Note] X:\Mate's Dev\mcq project\.env_tools\mariadb\extracted\mariadb-10.11.8-winx64\bin\mariadbd.exe: ready for connections.
Version: '10.11.8-MariaDB'  socket: ''  port: 3306  mariadb.org binary distribution
2026-06-13 23:39:53 0 [Note] Starting MariaDB 10.11.8-MariaDB source revision 3a069644682e336e445039e48baae9693f9a08ee as process 17584
2026-06-13 23:39:53 0 [ERROR] InnoDB: The data file './ibdata1' must be writable
2026-06-13 23:39:53 0 [ERROR] InnoDB: The data file './ibdata1' must be writable
2026-06-13 23:39:53 0 [ERROR] Plugin 'InnoDB' registration as a STORAGE ENGINE failed.
2026-06-13 23:39:53 0 [Note] Plugin 'FEEDBACK' is disabled.
2026-06-13 23:39:53 0 [Note] mariadbd.exe: SSPI: using principal name 'localhost', mech 'Negotiate'
2026-06-13 23:39:54 0 [ERROR] Unknown/unsupported storage engine: InnoDB
2026-06-13 23:39:54 0 [ERROR] Aborting
2026-06-14  0:11:39 0 [Note] Starting MariaDB 10.11.8-MariaDB source revision 3a069644682e336e445039e48baae9693f9a08ee as process 40308
2026-06-14  0:11:39 0 [ERROR] InnoDB: The data file './ibdata1' must be writable
2026-06-14  0:11:39 0 [ERROR] InnoDB: The data file './ibdata1' must be writable
2026-06-14  0:11:39 0 [ERROR] Plugin 'InnoDB' registration as a STORAGE ENGINE failed.
2026-06-14  0:11:39 0 [Note] Plugin 'FEEDBACK' is disabled.
2026-06-14  0:11:39 0 [Note] mariadbd.exe: SSPI: using principal name 'localhost', mech 'Negotiate'
2026-06-14  0:11:39 0 [ERROR] Unknown/unsupported storage engine: InnoDB
2026-06-14  0:11:39 0 [ERROR] Aborting
2026-06-14  0:11:56 0 [Note] Starting MariaDB 10.11.8-MariaDB source revision 3a069644682e336e445039e48baae9693f9a08ee as process 36840
2026-06-14  0:11:56 0 [ERROR] InnoDB: The data file './ibdata1' must be writable
2026-06-14  0:11:56 0 [ERROR] InnoDB: The data file './ibdata1' must be writable
2026-06-14  0:11:56 0 [ERROR] Plugin 'InnoDB' registration as a STORAGE ENGINE failed.
2026-06-14  0:11:56 0 [Note] Plugin 'FEEDBACK' is disabled.
2026-06-14  0:11:56 0 [Note] mariadbd.exe: SSPI: using principal name 'localhost', mech 'Negotiate'
2026-06-14  0:11:56 0 [ERROR] Unknown/unsupported storage engine: InnoDB
2026-06-14  0:11:56 0 [ERROR] Aborting
2026-06-13 23:08:17 0 [Note] Starting MariaDB 10.11.8-MariaDB source revision 3a069644682e336e445039e48baae9693f9a08ee as process 28988
2026-06-13 23:08:17 0 [Note] InnoDB: Compressed tables use zlib 1.3.1
2026-06-13 23:08:17 0 [Note] InnoDB: Number of transaction pools: 1
2026-06-13 23:08:17 0 [Note] InnoDB: Using crc32 + pclmulqdq instructions
2026-06-13 23:08:17 0 [Note] InnoDB: Initializing buffer pool, total size = 128.000MiB, chunk size = 2.000MiB
2026-06-13 23:08:17 0 [Note] InnoDB: Completed initialization of buffer pool
2026-06-13 23:08:17 0 [Note] InnoDB: File system buffers for log disabled (block size=4096 bytes)
2026-06-13 23:08:18 0 [Note] InnoDB: Starting crash recovery from checkpoint LSN=46846
2026-06-13 23:08:18 0 [Note] InnoDB: End of log at LSN=75585
2026-06-13 23:08:18 0 [Note] InnoDB: To recover: 36 pages
2026-06-13 23:08:18 0 [Note] InnoDB: 128 rollback segments are active.
2026-06-13 23:08:18 0 [Note] InnoDB: Removed temporary tablespace data file: "./ibtmp1"
2026-06-13 23:08:18 0 [Note] InnoDB: Setting file './ibtmp1' size to 12.000MiB. Physically writing the file full; Please wait ...
2026-06-13 23:08:18 0 [Note] InnoDB: File './ibtmp1' size is now 12.000MiB.
2026-06-13 23:08:18 0 [Note] InnoDB: log sequence number 75585; transaction id 49
2026-06-13 23:08:18 0 [Note] Plugin 'FEEDBACK' is disabled.
2026-06-13 23:08:18 0 [Note] InnoDB: Loading buffer pool(s) from X:\Mate's Dev\mcq project\.env_tools\mariadb\extracted\mariadb-10.11.8-winx64\data\ib_buffer_pool
2026-06-13 23:08:18 0 [Note] mariadbd.exe: SSPI: using principal name 'localhost', mech 'Negotiate'
2026-06-13 23:08:18 0 [Note] InnoDB: Buffer pool(s) load completed at 260613 23:08:18
2026-06-13 23:08:18 0 [Note] Server socket created on IP: '127.0.0.1'.
2026-06-13 23:08:19 0 [Note] X:\Mate's Dev\mcq project\.env_tools\mariadb\extracted\mariadb-10.11.8-winx64\bin\mariadbd.exe: ready for connections.
Version: '10.11.8-MariaDB'  socket: ''  port: 3306  mariadb.org binary distribution
2026-06-13 23:08:37 0 [Note] Starting MariaDB 10.11.8-MariaDB source revision 3a069644682e336e445039e48baae9693f9a08ee as process 26952
2026-06-13 23:08:37 0 [Note] InnoDB: Compressed tables use zlib 1.3.1
2026-06-13 23:08:37 0 [Note] InnoDB: Number of transaction pools: 1
2026-06-13 23:08:37 0 [Note] InnoDB: Using crc32 + pclmulqdq instructions
2026-06-13 23:08:37 0 [Note] InnoDB: Initializing buffer pool, total size = 128.000MiB, chunk size = 2.000MiB
2026-06-13 23:08:37 0 [Note] InnoDB: Completed initialization of buffer pool
2026-06-13 23:08:37 0 [Note] InnoDB: File system buffers for log disabled (block size=4096 bytes)
2026-06-13 23:08:37 0 [Note] InnoDB: Starting crash recovery from checkpoint LSN=46846
2026-06-13 23:08:37 0 [Note] InnoDB: End of log at LSN=75669
2026-06-13 23:08:38 0 [Note] InnoDB: To recover: 36 pages
2026-06-13 23:08:38 0 [Note] InnoDB: 128 rollback segments are active.
2026-06-13 23:08:38 0 [Note] InnoDB: Removed temporary tablespace data file: "./ibtmp1"
2026-06-13 23:08:38 0 [Note] InnoDB: Setting file './ibtmp1' size to 12.000MiB. Physically writing the file full; Please wait ...
2026-06-13 23:08:38 0 [Note] InnoDB: File './ibtmp1' size is now 12.000MiB.
2026-06-13 23:08:38 0 [Note] InnoDB: log sequence number 75669; transaction id 49
2026-06-13 23:08:38 0 [Note] Plugin 'FEEDBACK' is disabled.
2026-06-13 23:08:38 0 [Note] InnoDB: Loading buffer pool(s) from X:\Mate's Dev\mcq project\.env_tools\mariadb\extracted\mariadb-10.11.8-winx64\data\ib_buffer_pool
2026-06-13 23:08:38 0 [Note] mariadbd.exe: SSPI: using principal name 'localhost', mech 'Negotiate'
2026-06-13 23:08:38 0 [Note] InnoDB: Buffer pool(s) load completed at 260613 23:08:38
2026-06-13 23:08:38 0 [Note] Server socket created on IP: '127.0.0.1'.
2026-06-13 23:08:38 0 [Note] X:\Mate's Dev\mcq project\.env_tools\mariadb\extracted\mariadb-10.11.8-winx64\bin\mariadbd.exe: ready for connections.
Version: '10.11.8-MariaDB'  socket: ''  port: 3306  mariadb.org binary distribution
