2026-06-14 12:57:23 0 [Note] Starting MariaDB 10.11.8-MariaDB source revision 3a069644682e336e445039e48baae9693f9a08ee as process 13304
2026-06-14 12:57:23 0 [Note] InnoDB: Compressed tables use zlib 1.3.1
2026-06-14 12:57:23 0 [Note] InnoDB: Number of transaction pools: 1
2026-06-14 12:57:23 0 [Note] InnoDB: Using crc32 + pclmulqdq instructions
2026-06-14 12:57:23 0 [Note] InnoDB: Initializing buffer pool, total size = 128.000MiB, chunk size = 2.000MiB
2026-06-14 12:57:23 0 [Note] InnoDB: Completed initialization of buffer pool
2026-06-14 12:57:23 0 [Note] InnoDB: File system buffers for log disabled (block size=4096 bytes)
2026-06-14 12:57:24 0 [Note] InnoDB: Starting crash recovery from checkpoint LSN=46846
2026-06-14 12:57:24 0 [Note] InnoDB: End of log at LSN=75753
2026-06-14 12:57:24 0 [Note] InnoDB: To recover: 36 pages
2026-06-14 12:57:24 0 [Note] InnoDB: 128 rollback segments are active.
2026-06-14 12:57:24 0 [Note] InnoDB: Removed temporary tablespace data file: "./ibtmp1"
2026-06-14 12:57:24 0 [Note] InnoDB: Setting file './ibtmp1' size to 12.000MiB. Physically writing the file full; Please wait ...
2026-06-14 12:57:24 0 [Note] InnoDB: File './ibtmp1' size is now 12.000MiB.
2026-06-14 12:57:24 0 [Note] InnoDB: log sequence number 75753; transaction id 49
2026-06-14 12:57:24 0 [Note] Plugin 'FEEDBACK' is disabled.
2026-06-14 12:57:24 0 [Note] InnoDB: Loading buffer pool(s) from C:\Users\Owner\Downloads\mca project\.env_tools\mariadb\extracted\mariadb-10.11.8-winx64\data\ib_buffer_pool
2026-06-14 12:57:24 0 [Note] mariadbd.exe: SSPI: using principal name 'localhost', mech 'Negotiate'
2026-06-14 12:57:24 0 [Note] InnoDB: Buffer pool(s) load completed at 260614 12:57:24
2026-06-14 12:57:24 0 [Note] Server socket created on IP: '127.0.0.1'.
2026-06-14 12:57:24 0 [Note] C:\Users\Owner\Downloads\mca project\.env_tools\mariadb\extracted\mariadb-10.11.8-winx64\bin\mariadbd.exe: ready for connections.
Version: '10.11.8-MariaDB'  socket: ''  port: 3306  mariadb.org binary distribution
2026-06-14 13:20:32 0 [Note] console_event_handler: received CTRL_CLOSE_EVENT event, terminating
2026-06-14 16:53:20 0 [Note] Starting MariaDB 10.11.8-MariaDB source revision 3a069644682e336e445039e48baae9693f9a08ee as process 16268
2026-06-14 16:53:20 0 [Note] InnoDB: Compressed tables use zlib 1.3.1
2026-06-14 16:53:20 0 [Note] InnoDB: Number of transaction pools: 1
2026-06-14 16:53:20 0 [Note] InnoDB: Using crc32 + pclmulqdq instructions
2026-06-14 16:53:20 0 [Note] InnoDB: Initializing buffer pool, total size = 128.000MiB, chunk size = 2.000MiB
2026-06-14 16:53:20 0 [Note] InnoDB: Completed initialization of buffer pool
2026-06-14 16:53:20 0 [Note] InnoDB: File system buffers for log disabled (block size=4096 bytes)
2026-06-14 16:53:21 0 [Note] InnoDB: Starting crash recovery from checkpoint LSN=46846
2026-06-14 16:53:21 0 [Note] InnoDB: End of log at LSN=75837
2026-06-14 16:53:21 0 [Note] InnoDB: To recover: 36 pages
2026-06-14 16:53:21 0 [Note] InnoDB: 128 rollback segments are active.
2026-06-14 16:53:21 0 [Note] InnoDB: Removed temporary tablespace data file: "./ibtmp1"
2026-06-14 16:53:21 0 [Note] InnoDB: Setting file './ibtmp1' size to 12.000MiB. Physically writing the file full; Please wait ...
2026-06-14 16:53:21 0 [Note] InnoDB: File './ibtmp1' size is now 12.000MiB.
2026-06-14 16:53:21 0 [Note] InnoDB: log sequence number 75837; transaction id 49
2026-06-14 16:53:21 0 [Note] InnoDB: Loading buffer pool(s) from C:\Users\Owner\Downloads\mca project\.env_tools\mariadb\extracted\mariadb-10.11.8-winx64\data\ib_buffer_pool
2026-06-14 16:53:21 0 [Note] Plugin 'FEEDBACK' is disabled.
2026-06-14 16:53:21 0 [Note] mariadbd.exe: SSPI: using principal name 'localhost', mech 'Negotiate'
2026-06-14 16:53:21 0 [Note] InnoDB: Buffer pool(s) load completed at 260614 16:53:21
2026-06-14 16:53:21 0 [Note] Server socket created on IP: '127.0.0.1'.
2026-06-14 16:53:22 0 [Note] C:\Users\Owner\Downloads\mca project\.env_tools\mariadb\extracted\mariadb-10.11.8-winx64\bin\mariadbd.exe: ready for connections.
Version: '10.11.8-MariaDB'  socket: ''  port: 3306  mariadb.org binary distribution
2026-06-14 16:57:05 0 [Note] console_event_handler: received CTRL_CLOSE_EVENT event, terminating
2026-06-14 16:57:54 0 [Note] Starting MariaDB 10.11.8-MariaDB source revision 3a069644682e336e445039e48baae9693f9a08ee as process 4088
2026-06-14 16:57:54 0 [Note] InnoDB: Compressed tables use zlib 1.3.1
2026-06-14 16:57:54 0 [Note] InnoDB: Number of transaction pools: 1
2026-06-14 16:57:54 0 [Note] InnoDB: Using crc32 + pclmulqdq instructions
2026-06-14 16:57:54 0 [Note] InnoDB: Initializing buffer pool, total size = 128.000MiB, chunk size = 2.000MiB
2026-06-14 16:57:54 0 [Note] InnoDB: Completed initialization of buffer pool
2026-06-14 16:57:54 0 [Note] InnoDB: File system buffers for log disabled (block size=4096 bytes)
2026-06-14 16:57:54 0 [Note] InnoDB: Starting crash recovery from checkpoint LSN=46846
2026-06-14 16:57:54 0 [Note] InnoDB: End of log at LSN=75921
2026-06-14 16:57:54 0 [Note] InnoDB: To recover: 36 pages
2026-06-14 16:57:54 0 [Note] InnoDB: 128 rollback segments are active.
2026-06-14 16:57:54 0 [Note] InnoDB: Removed temporary tablespace data file: "./ibtmp1"
2026-06-14 16:57:54 0 [Note] InnoDB: Setting file './ibtmp1' size to 12.000MiB. Physically writing the file full; Please wait ...
2026-06-14 16:57:54 0 [Note] InnoDB: File './ibtmp1' size is now 12.000MiB.
2026-06-14 16:57:54 0 [Note] InnoDB: log sequence number 75921; transaction id 49
2026-06-14 16:57:54 0 [Note] InnoDB: Loading buffer pool(s) from C:\Users\Owner\Downloads\mca project\.env_tools\mariadb\extracted\mariadb-10.11.8-winx64\data\ib_buffer_pool
2026-06-14 16:57:54 0 [Note] Plugin 'FEEDBACK' is disabled.
2026-06-14 16:57:54 0 [Note] mariadbd.exe: SSPI: using principal name 'localhost', mech 'Negotiate'
2026-06-14 16:57:54 0 [Note] InnoDB: Buffer pool(s) load completed at 260614 16:57:54
2026-06-14 16:57:54 0 [Note] Server socket created on IP: '127.0.0.1'.
2026-06-14 16:57:54 0 [Note] C:\Users\Owner\Downloads\mca project\.env_tools\mariadb\extracted\mariadb-10.11.8-winx64\bin\mariadbd.exe: ready for connections.
Version: '10.11.8-MariaDB'  socket: ''  port: 3306  mariadb.org binary distribution
2026-06-14 17:30:53 0 [Note] console_event_handler: received CTRL_CLOSE_EVENT event, terminating
2026-06-14 17:32:30 0 [Note] Starting MariaDB 10.11.8-MariaDB source revision 3a069644682e336e445039e48baae9693f9a08ee as process 18304
2026-06-14 17:32:30 0 [Note] InnoDB: Compressed tables use zlib 1.3.1
2026-06-14 17:32:30 0 [Note] InnoDB: Number of transaction pools: 1
2026-06-14 17:32:30 0 [Note] InnoDB: Using crc32 + pclmulqdq instructions
2026-06-14 17:32:30 0 [Note] InnoDB: Initializing buffer pool, total size = 128.000MiB, chunk size = 2.000MiB
2026-06-14 17:32:30 0 [Note] InnoDB: Completed initialization of buffer pool
2026-06-14 17:32:30 0 [Note] InnoDB: File system buffers for log disabled (block size=4096 bytes)
2026-06-14 17:32:30 0 [Note] InnoDB: Starting crash recovery from checkpoint LSN=46846
2026-06-14 17:32:30 0 [Note] InnoDB: End of log at LSN=76005
2026-06-14 17:32:30 0 [Note] InnoDB: To recover: 36 pages
2026-06-14 17:32:30 0 [Note] InnoDB: 128 rollback segments are active.
2026-06-14 17:32:30 0 [Note] InnoDB: Removed temporary tablespace data file: "./ibtmp1"
2026-06-14 17:32:30 0 [Note] InnoDB: Setting file './ibtmp1' size to 12.000MiB. Physically writing the file full; Please wait ...
2026-06-14 17:32:30 0 [Note] InnoDB: File './ibtmp1' size is now 12.000MiB.
2026-06-14 17:32:30 0 [Note] InnoDB: log sequence number 76005; transaction id 49
2026-06-14 17:32:30 0 [Note] Plugin 'FEEDBACK' is disabled.
2026-06-14 17:32:30 0 [Note] InnoDB: Loading buffer pool(s) from C:\Users\Owner\Downloads\mca project\.env_tools\mariadb\extracted\mariadb-10.11.8-winx64\data\ib_buffer_pool
2026-06-14 17:32:30 0 [Note] mariadbd.exe: SSPI: using principal name 'localhost', mech 'Negotiate'
2026-06-14 17:32:30 0 [Note] InnoDB: Buffer pool(s) load completed at 260614 17:32:30
2026-06-14 17:32:30 0 [Note] Server socket created on IP: '127.0.0.1'.
2026-06-14 17:32:30 0 [Note] C:\Users\Owner\Downloads\mca project\.env_tools\mariadb\extracted\mariadb-10.11.8-winx64\bin\mariadbd.exe: ready for connections.
Version: '10.11.8-MariaDB'  socket: ''  port: 3306  mariadb.org binary distribution
2026-06-14 17:34:55 0 [Note] console_event_handler: received CTRL_CLOSE_EVENT event, terminating
2026-06-14 17:35:05 0 [Note] Starting MariaDB 10.11.8-MariaDB source revision 3a069644682e336e445039e48baae9693f9a08ee as process 20312
2026-06-14 17:35:05 0 [Note] InnoDB: Compressed tables use zlib 1.3.1
2026-06-14 17:35:05 0 [Note] InnoDB: Number of transaction pools: 1
2026-06-14 17:35:05 0 [Note] InnoDB: Using crc32 + pclmulqdq instructions
2026-06-14 17:35:05 0 [Note] InnoDB: Initializing buffer pool, total size = 128.000MiB, chunk size = 2.000MiB
2026-06-14 17:35:05 0 [Note] InnoDB: Completed initialization of buffer pool
2026-06-14 17:35:05 0 [Note] InnoDB: File system buffers for log disabled (block size=4096 bytes)
2026-06-14 17:35:05 0 [Note] InnoDB: Starting crash recovery from checkpoint LSN=46846
2026-06-14 17:35:05 0 [Note] InnoDB: End of log at LSN=76089
2026-06-14 17:35:05 0 [Note] InnoDB: To recover: 36 pages
2026-06-14 17:35:05 0 [Note] InnoDB: 128 rollback segments are active.
2026-06-14 17:35:05 0 [Note] InnoDB: Removed temporary tablespace data file: "./ibtmp1"
2026-06-14 17:35:05 0 [Note] InnoDB: Setting file './ibtmp1' size to 12.000MiB. Physically writing the file full; Please wait ...
2026-06-14 17:35:05 0 [Note] InnoDB: File './ibtmp1' size is now 12.000MiB.
2026-06-14 17:35:05 0 [Note] InnoDB: log sequence number 76089; transaction id 49
2026-06-14 17:35:05 0 [Note] InnoDB: Loading buffer pool(s) from C:\Users\Owner\Downloads\mca project\.env_tools\mariadb\extracted\mariadb-10.11.8-winx64\data\ib_buffer_pool
2026-06-14 17:35:05 0 [Note] Plugin 'FEEDBACK' is disabled.
2026-06-14 17:35:05 0 [Note] mariadbd.exe: SSPI: using principal name 'localhost', mech 'Negotiate'
2026-06-14 17:35:05 0 [Note] InnoDB: Buffer pool(s) load completed at 260614 17:35:05
2026-06-14 17:35:05 0 [Note] Server socket created on IP: '127.0.0.1'.
2026-06-14 17:35:05 0 [Note] C:\Users\Owner\Downloads\mca project\.env_tools\mariadb\extracted\mariadb-10.11.8-winx64\bin\mariadbd.exe: ready for connections.
Version: '10.11.8-MariaDB'  socket: ''  port: 3306  mariadb.org binary distribution
2026-06-14 20:40:36 0 [Note] Starting MariaDB 10.11.8-MariaDB source revision 3a069644682e336e445039e48baae9693f9a08ee as process 840
2026-06-14 20:40:36 0 [ERROR] InnoDB: The data file './ibdata1' must be writable
2026-06-14 20:40:36 0 [ERROR] InnoDB: The data file './ibdata1' must be writable
2026-06-14 20:40:36 0 [ERROR] Plugin 'InnoDB' registration as a STORAGE ENGINE failed.
2026-06-14 20:40:36 0 [Note] Plugin 'FEEDBACK' is disabled.
2026-06-14 20:40:36 0 [Note] mariadbd.exe: SSPI: using principal name 'localhost', mech 'Negotiate'
2026-06-14 20:40:36 0 [ERROR] Unknown/unsupported storage engine: InnoDB
2026-06-14 20:40:36 0 [ERROR] Aborting
2026-06-14 20:41:25 0 [Note] Starting MariaDB 10.11.8-MariaDB source revision 3a069644682e336e445039e48baae9693f9a08ee as process 24132
2026-06-14 20:41:25 0 [ERROR] InnoDB: The data file './ibdata1' must be writable
2026-06-14 20:41:25 0 [ERROR] InnoDB: The data file './ibdata1' must be writable
2026-06-14 20:41:25 0 [ERROR] Plugin 'InnoDB' registration as a STORAGE ENGINE failed.
2026-06-14 20:41:25 0 [Note] Plugin 'FEEDBACK' is disabled.
2026-06-14 20:41:25 0 [Note] mariadbd.exe: SSPI: using principal name 'localhost', mech 'Negotiate'
2026-06-14 20:41:25 0 [ERROR] Unknown/unsupported storage engine: InnoDB
2026-06-14 20:41:25 0 [ERROR] Aborting
2026-06-14 20:47:15 0 [Note] console_event_handler: received CTRL_CLOSE_EVENT event, terminating
2026-06-30 15:32:18 0 [Note] Starting MariaDB 10.11.8-MariaDB source revision 3a069644682e336e445039e48baae9693f9a08ee as process 19252
2026-06-30 15:32:18 0 [Note] InnoDB: Compressed tables use zlib 1.3.1
2026-06-30 15:32:18 0 [Note] InnoDB: Number of transaction pools: 1
2026-06-30 15:32:18 0 [Note] InnoDB: Using crc32 + pclmulqdq instructions
2026-06-30 15:32:18 0 [Note] InnoDB: Initializing buffer pool, total size = 128.000MiB, chunk size = 2.000MiB
2026-06-30 15:32:18 0 [Note] InnoDB: Completed initialization of buffer pool
2026-06-30 15:32:18 0 [Note] InnoDB: File system buffers for log disabled (block size=4096 bytes)
2026-06-30 15:32:18 0 [Note] InnoDB: Starting crash recovery from checkpoint LSN=46846
2026-06-30 15:32:18 0 [Note] InnoDB: End of log at LSN=76173
2026-06-30 15:32:18 0 [Note] InnoDB: To recover: 36 pages
2026-06-30 15:32:18 0 [Note] InnoDB: 128 rollback segments are active.
2026-06-30 15:32:18 0 [Note] InnoDB: Removed temporary tablespace data file: "./ibtmp1"
2026-06-30 15:32:18 0 [Note] InnoDB: Setting file './ibtmp1' size to 12.000MiB. Physically writing the file full; Please wait ...
2026-06-30 15:32:18 0 [Note] InnoDB: File './ibtmp1' size is now 12.000MiB.
2026-06-30 15:32:18 0 [Note] InnoDB: log sequence number 76173; transaction id 49
2026-06-30 15:32:18 0 [Note] Plugin 'FEEDBACK' is disabled.
2026-06-30 15:32:18 0 [Note] InnoDB: Loading buffer pool(s) from C:\Users\Owner\Downloads\mca project\.env_tools\mariadb\extracted\mariadb-10.11.8-winx64\data\ib_buffer_pool
2026-06-30 15:32:18 0 [Note] mariadbd.exe: SSPI: using principal name 'localhost', mech 'Negotiate'
2026-06-30 15:32:18 0 [Note] InnoDB: Buffer pool(s) load completed at 260630 15:32:18
2026-06-30 15:32:18 0 [Note] Server socket created on IP: '127.0.0.1'.
2026-06-30 15:32:19 0 [Note] C:\Users\Owner\Downloads\mca project\.env_tools\mariadb\extracted\mariadb-10.11.8-winx64\bin\mariadbd.exe: ready for connections.
Version: '10.11.8-MariaDB'  socket: ''  port: 3306  mariadb.org binary distribution
2026-06-30 16:10:34 0 [Note] console_event_handler: received CTRL_CLOSE_EVENT event, terminating
